<?xml version="1.0" encoding="UTF-8"?>
<!-- Generated by org.testng.reporters.JUnitXMLReporter -->
<testsuite ignored="0" hostname="192.168.1.22" failures="0" tests="5" name="Default test" time="5.334" errors="0" timestamp="2026-04-27T21:55:05 IST">
  <testcase classname="day3.LoggingDemo" name="testLogsStatusCode" time="2.413"/>
  <testcase classname="day3.LoggingDemo" name="testLogsAll" time="0.412"/>
  <testcase classname="day3.LoggingDemo" name="testLogsHeader" time="0.31"/>
  <testcase classname="day3.LoggingDemo" name="testLogsCookies" time="0.224"/>
  <testcase classname="day3.LoggingDemo" name="testLogsBody" time="0.55"/>
</testsuite> <!-- Default test -->
