<?xml version="1.0" encoding="UTF-8"?>
<!-- Generated by org.testng.reporters.JUnitXMLReporter -->
<testsuite ignored="0" hostname="192.168.1.2" failures="0" tests="4" name="CRUD Operations" time="14.746" errors="0" timestamp="2026-05-18T02:41:21 IST">
  <testcase classname="day8.CreateUser" name="testCreateUser" time="9.914"/>
  <testcase classname="day8.GetUser" name="testGetUserData" time="0.888"/>
  <testcase classname="day8.UpdateUser" name="testUpdateUser" time="0.98"/>
  <testcase classname="day8.DeleteUser" name="testDeleteUserData" time="0.578"/>
</testsuite> <!-- CRUD Operations -->
