<?xml version="1.0" encoding="UTF-8"?>
<testng-results ignored="0" total="4" passed="4" failed="0" skipped="0">
  <reporter-output>
  </reporter-output>
  <suite started-at="2026-05-18T02:41:06 IST" name="API Chaining Suite" finished-at="2026-05-18T02:41:21 IST" duration-ms="14746">
    <groups>
      <group name="create">
        <method signature="CreateUser.testCreateUser(org.testng.ITestContext)[pri:0, instance:day8.CreateUser@4961f6af]" name="testCreateUser" class="day8.CreateUser"/>
      </group> <!-- create -->
    </groups>
    <test started-at="2026-05-18T02:41:06 IST" name="CRUD Operations" finished-at="2026-05-18T02:41:21 IST" duration-ms="14746">
      <class name="day8.UpdateUser">
        <test-method is-config="true" signature="setup()[pri:0, instance:day8.UpdateUser@6a2f6f80]" started-at="2026-05-18T02:41:19 IST" name="setup" finished-at="2026-05-18T02:41:19 IST" duration-ms="3" status="PASS">
          <reporter-output>
          </reporter-output>
        </test-method> <!-- setup -->
        <test-method signature="testUpdateUser(org.testng.ITestContext)[pri:0, instance:day8.UpdateUser@6a2f6f80]" started-at="2026-05-18T02:41:19 IST" name="testUpdateUser" depends-on-groups="create" finished-at="2026-05-18T02:41:20 IST" duration-ms="980" status="PASS">
          <params>
            <param index="0">
              <value>
                <![CDATA[org.testng.TestRunner@4d098f9b]]>
              </value>
            </param>
          </params>
          <reporter-output>
          </reporter-output>
        </test-method> <!-- testUpdateUser -->
      </class> <!-- day8.UpdateUser -->
      <class name="day8.DeleteUser">
        <test-method is-config="true" signature="setup()[pri:0, instance:day8.DeleteUser@45b4c3a9]" started-at="2026-05-18T02:41:20 IST" name="setup" finished-at="2026-05-18T02:41:20 IST" duration-ms="2" status="PASS">
          <reporter-output>
          </reporter-output>
        </test-method> <!-- setup -->
        <test-method signature="testDeleteUserData(org.testng.ITestContext)[pri:0, instance:day8.DeleteUser@45b4c3a9]" started-at="2026-05-18T02:41:20 IST" name="testDeleteUserData" depends-on-groups="create" finished-at="2026-05-18T02:41:21 IST" duration-ms="578" status="PASS">
          <params>
            <param index="0">
              <value>
                <![CDATA[org.testng.TestRunner@4d098f9b]]>
              </value>
            </param>
          </params>
          <reporter-output>
          </reporter-output>
        </test-method> <!-- testDeleteUserData -->
      </class> <!-- day8.DeleteUser -->
      <class name="day8.CreateUser">
        <test-method is-config="true" signature="setup()[pri:0, instance:day8.CreateUser@4961f6af]" started-at="2026-05-18T02:41:06 IST" name="setup" finished-at="2026-05-18T02:41:08 IST" duration-ms="2145" status="PASS">
          <reporter-output>
          </reporter-output>
        </test-method> <!-- setup -->
        <test-method signature="testCreateUser(org.testng.ITestContext)[pri:0, instance:day8.CreateUser@4961f6af]" started-at="2026-05-18T02:41:09 IST" name="testCreateUser" finished-at="2026-05-18T02:41:18 IST" duration-ms="9914" status="PASS">
          <params>
            <param index="0">
              <value>
                <![CDATA[org.testng.TestRunner@4d098f9b]]>
              </value>
            </param>
          </params>
          <reporter-output>
          </reporter-output>
        </test-method> <!-- testCreateUser -->
      </class> <!-- day8.CreateUser -->
      <class name="day8.GetUser">
        <test-method is-config="true" signature="setup()[pri:0, instance:day8.GetUser@1190200a]" started-at="2026-05-18T02:41:18 IST" name="setup" finished-at="2026-05-18T02:41:18 IST" duration-ms="8" status="PASS">
          <reporter-output>
          </reporter-output>
        </test-method> <!-- setup -->
        <test-method signature="testGetUserData(org.testng.ITestContext)[pri:0, instance:day8.GetUser@1190200a]" started-at="2026-05-18T02:41:18 IST" name="testGetUserData" depends-on-groups="create" finished-at="2026-05-18T02:41:19 IST" duration-ms="888" status="PASS">
          <params>
            <param index="0">
              <value>
                <![CDATA[org.testng.TestRunner@4d098f9b]]>
              </value>
            </param>
          </params>
          <reporter-output>
          </reporter-output>
        </test-method> <!-- testGetUserData -->
      </class> <!-- day8.GetUser -->
    </test> <!-- CRUD Operations -->
  </suite> <!-- API Chaining Suite -->
</testng-results>
