<?xml version="1.0" encoding="UTF-8"?>
<testng-results ignored="0" total="1" passed="1" failed="0" skipped="0">
  <reporter-output>
  </reporter-output>
  <suite started-at="2026-05-17T18:36:43 IST" name="Default suite" finished-at="2026-05-17T18:36:45 IST" duration-ms="1255">
    <groups>
    </groups>
    <test started-at="2026-05-17T18:36:43 IST" name="Default test" finished-at="2026-05-17T18:36:45 IST" duration-ms="1255">
      <class name="day7.FakerDataGenerator">
        <test-method signature="testGenerateDummyData()[pri:0, instance:day7.FakerDataGenerator@4f18837a]" started-at="2026-05-17T18:36:44 IST" name="testGenerateDummyData" finished-at="2026-05-17T18:36:45 IST" duration-ms="1083" status="PASS">
          <reporter-output>
          </reporter-output>
        </test-method> <!-- testGenerateDummyData -->
      </class> <!-- day7.FakerDataGenerator -->
    </test> <!-- Default test -->
  </suite> <!-- Default suite -->
</testng-results>
