<?xml version="1.0" encoding="UTF-8"?>
<!-- Generated by org.testng.reporters.JUnitReportReporter -->
<testsuite hostname="Vysnavis-MacBook-Air.local" failures="0" tests="2" name="day2.HTTPRequestsWithLocalAPI" time="4.253" errors="0" timestamp="2026-04-19T14:27:35 IST" skipped="0">
  <testcase classname="day2.HTTPRequestsWithLocalAPI" name="getStudents" time="3.040"/>
  <testcase classname="day2.HTTPRequestsWithLocalAPI" name="updateStudents" time="1.213"/>
</testsuite> <!-- day2.HTTPRequestsWithLocalAPI -->
