<?xml version="1.0" encoding="UTF-8"?>
<!-- Generated by org.testng.reporters.JUnitReportReporter -->
<testsuite hostname="192.168.1.8" failures="0" tests="3" name="day7.AuthenticationsFlow" time="7.934" errors="0" timestamp="2026-05-17T16:27:17 IST" skipped="0">
  <testcase classname="day7.AuthenticationsFlow" name="testAPIKeyAuthenticationAsQueryParam" time="4.920"/>
  <testcase classname="day7.AuthenticationsFlow" name="testBearerToken" time="0.649"/>
  <testcase classname="day7.AuthenticationsFlow" name="testDigestAuthentication" time="2.365"/>
</testsuite> <!-- day7.AuthenticationsFlow -->
