<?xml version="1.0" encoding="UTF-8"?>
<!-- Generated by org.testng.reporters.JUnitReportReporter -->
<testsuite hostname="192.168.1.11" failures="0" tests="2" name="day4.ValidateParsedResponseBody" time="11.248" errors="0" timestamp="2026-05-10T20:27:14 IST" skipped="0">
  <testcase classname="day4.ValidateParsedResponseBody" name="testJsonResponseBody" time="4.749"/>
  <testcase classname="day4.ValidateParsedResponseBody" name="testJsonObjectClass" time="6.499"/>
</testsuite> <!-- day4.ValidateParsedResponseBody -->
