<?xml version="1.0" encoding="UTF-8"?>
<!-- Generated by org.testng.reporters.JUnitReportReporter -->
<testsuite hostname="192.168.1.14" failures="0" tests="3" name="day1.DataDrivenTest" time="9.253" errors="0" timestamp="2026-04-18T18:57:10 IST" skipped="0">
  <testcase classname="day1.DataDrivenTest" name="createPostFromCSV" time="0.656"/>
  <testcase classname="day1.DataDrivenTest" name="createPostFromCSV" time="1.012"/>
  <testcase classname="day1.DataDrivenTest" name="createPostFromCSV" time="7.585"/>
</testsuite> <!-- day1.DataDrivenTest -->
