<?xml version="1.0" encoding="UTF-8"?>
<!-- Generated by org.testng.reporters.JUnitReportReporter -->
<testsuite hostname="Vysnavis-MacBook-Air.local" failures="0" tests="2" name="day2.DiffWaysToCreatePostBodyRequest" time="3.141" errors="0" timestamp="2026-04-19T16:03:16 IST" skipped="0">
  <testcase classname="day2.DiffWaysToCreatePostBodyRequest" name="testPostUsingHashMap" time="3.089"/>
  <testcase classname="day2.DiffWaysToCreatePostBodyRequest" name="deleteUser" time="0.052"/>
</testsuite> <!-- day2.DiffWaysToCreatePostBodyRequest -->
