<?xml version="1.0" encoding="UTF-8"?>
<!-- Generated by org.testng.reporters.JUnitReportReporter -->
<testsuite hostname="192.168.1.14" failures="0" tests="4" name="day1.HTTPResponse" time="9.090" errors="0" timestamp="2026-04-18T14:19:27 IST" skipped="0">
  <testcase classname="day1.HTTPResponse" name="getUser" time="1.582"/>
  <testcase classname="day1.HTTPResponse" name="createUser" time="6.032"/>
  <testcase classname="day1.HTTPResponse" name="deleteUser" time="0.626"/>
  <testcase classname="day1.HTTPResponse" name="putUser" time="0.850"/>
</testsuite> <!-- day1.HTTPResponse -->
