<?xml version="1.0" encoding="UTF-8"?>
<!-- Generated by org.testng.reporters.JUnitReportReporter -->
<testsuite hostname="192.168.1.8" failures="0" tests="3" name="day7.ArraysInRestAssured" time="4.251" errors="0" timestamp="2026-05-17T17:21:16 IST" skipped="0">
  <testcase classname="day7.ArraysInRestAssured" name="testArrayAsMultipleQueryParameter" time="2.323"/>
  <testcase classname="day7.ArraysInRestAssured" name="testQueryParam" time="1.003"/>
  <testcase classname="day7.ArraysInRestAssured" name="testArrayQueryParamAsList" time="0.925"/>
</testsuite> <!-- day7.ArraysInRestAssured -->
