<?xml version="1.0" encoding="UTF-8"?>
<!-- Generated by org.testng.reporters.JUnitReportReporter -->
<testsuite hostname="192.168.1.14" failures="0" tests="3" name="day1.PostDataDrivenTest" time="9.540" errors="0" timestamp="2026-04-18T20:06:32 IST" skipped="0">
  <testcase classname="day1.PostDataDrivenTest" name="createPostFromCSV" time="0.750"/>
  <testcase classname="day1.PostDataDrivenTest" name="createPostFromCSV" time="1.886"/>
  <testcase classname="day1.PostDataDrivenTest" name="createPostFromCSV" time="6.904"/>
</testsuite> <!-- day1.PostDataDrivenTest -->
