<?xml version="1.0" encoding="UTF-8"?>
<!-- Generated by org.testng.reporters.JUnitReportReporter -->
<testsuite hostname="192.168.1.8" failures="0" tests="2" name="day6.SerializationDeserialization" time="1.179" errors="0" timestamp="2026-05-15T20:01:02 IST" skipped="0">
  <testcase classname="day6.SerializationDeserialization" name="convertPojoToJson" time="0.076"/>
  <testcase classname="day6.SerializationDeserialization" name="convertJsonToPojo" time="1.103"/>
</testsuite> <!-- day6.SerializationDeserialization -->
