<?xml version="1.0" encoding="UTF-8"?>
<!-- Generated by org.testng.reporters.JUnitReportReporter -->
<testsuite hostname="192.168.1.14" failures="0" tests="5" name="day1.HTTPResponse" time="8.821" errors="0" timestamp="2026-04-18T18:21:24 IST" skipped="0">
  <testcase classname="day1.HTTPResponse" name="getAllUserDetails" time="2.068"/>
  <testcase classname="day1.HTTPResponse" name="createUser" time="4.217"/>
  <testcase classname="day1.HTTPResponse" name="deleteUser" time="1.067"/>
  <testcase classname="day1.HTTPResponse" name="putUser" time="0.909"/>
  <testcase classname="day1.HTTPResponse" name="getUser" time="0.560"/>
</testsuite> <!-- day1.HTTPResponse -->
