<?xml version="1.0" encoding="UTF-8"?>
<!-- Generated by org.testng.reporters.JUnitReportReporter -->
<testsuite hostname="192.168.1.11" failures="0" tests="3" name="day4.ParsingResponseBody" time="10.458" errors="0" timestamp="2026-05-10T19:10:28 IST" skipped="0">
  <testcase classname="day4.ParsingResponseBody" name="parsingResponseBodyApproach2" time="0.294"/>
  <testcase classname="day4.ParsingResponseBody" name="parsingResponseBodyApproach1" time="9.931"/>
  <testcase classname="day4.ParsingResponseBody" name="parsingResponseBodyApproach3" time="0.233"/>
</testsuite> <!-- day4.ParsingResponseBody -->
