<?xml version="1.0" encoding="UTF-8"?>
<!-- Generated by org.testng.reporters.JUnitReportReporter -->
<testsuite hostname="192.168.1.11" failures="0" tests="4" name="day4.ValidateParsedResponseBody" time="4.425" errors="0" timestamp="2026-05-10T21:15:25 IST" skipped="0">
  <testcase classname="day4.ValidateParsedResponseBody" name="getTotalPriceOfAllBooks" time="2.663"/>
  <testcase classname="day4.ValidateParsedResponseBody" name="getTotalPriceOfAllItems" time="0.031"/>
  <testcase classname="day4.ValidateParsedResponseBody" name="testJsonObjectClass" time="0.076"/>
  <testcase classname="day4.ValidateParsedResponseBody" name="testJsonResponseBody" time="1.655"/>
</testsuite> <!-- day4.ValidateParsedResponseBody -->
