<?xml version="1.0" encoding="UTF-8"?>
<!-- Generated by org.testng.reporters.JUnitReportReporter -->
<testsuite hostname="192.168.1.9" failures="0" tests="3" name="day5.ParsedXMLResponseBody" time="9.106" errors="0" timestamp="2026-05-13T13:28:36 IST" skipped="0">
  <testcase classname="day5.ParsedXMLResponseBody" name="getResponseFromXMLApproach1" time="8.295"/>
  <testcase classname="day5.ParsedXMLResponseBody" name="getResponseFromXMLApproach2" time="0.373"/>
  <testcase classname="day5.ParsedXMLResponseBody" name="getResponseFromXMLApproach3" time="0.438"/>
</testsuite> <!-- day5.ParsedXMLResponseBody -->
